<?xml version="1.0" encoding="UTF-8"?>
<testsuite name="RomanNumericTest" tests="1" skipped="0" failures="0" errors="0" timestamp="2020-03-08T04:48:45" hostname="chernos-Air.lan1" time="0.061">
  <properties/>
  <testcase name="romanToNumericAddition()" classname="RomanNumericTest" time="0.061"/>
  <system-out><![CDATA[S1:1000
S2:100
S1:100
S2:1000
S1:1
S2:5
]]></system-out>
  <system-err><![CDATA[]]></system-err>
</testsuite>
